# JRE version: 7.0_11-b21
# Java VM: Java HotSpot(TM) 64-Bit Server VM (23.6-b04 mixed mode bsd-amd64 compressed oops)
Heap
 def new generation   total 19648K, used 16612K [0x000000010ca60000, 0x000000010dfb0000, 0x000000011ca60000)
  eden space 17472K,  91% used [0x000000010ca60000, 0x000000010da06f60, 0x000000010db70000)
  from space 2176K,  26% used [0x000000010dd90000, 0x000000010de221d8, 0x000000010dfb0000)
  to   space 2176K,   0% used [0x000000010db70000, 0x000000010db70000, 0x000000010dd90000)
 tenured generation   total 43712K, used 34817K [0x000000011ca60000, 0x000000011f510000, 0x000000013ca60000)
   the space 43712K,  79% used [0x000000011ca60000, 0x000000011ec60728, 0x000000011ec60800, 0x000000011f510000)
 compacting perm gen  total 32768K, used 25437K [0x000000013ca60000, 0x000000013ea60000, 0x000000014ca60000)
   the space 32768K,  77% used [0x000000013ca60000, 0x000000013e337538, 0x000000013e337600, 0x000000013ea60000)
GC Heap History (10 events):
Event: 24.082 GC heap before
{Heap before GC invocations=32 (full 0):
 def new generation   total 19648K, used 19279K [0x000000010ca60000, 0x000000010dfb0000, 0x000000011ca60000)
  eden space 17472K, 100% used [0x000000010ca60000, 0x000000010db70000, 0x000000010db70000)
  from space 2176K,  83% used [0x000000010db70000, 0x000000010dd33f38, 0x000000010dd90000)
  to   space 2176K,   0% used [0x000000010dd90000, 0x000000010dd90000, 0x000000010dfb0000)
 tenured generation   total 43712K, used 31945K [0x000000011ca60000, 0x000000011f510000, 0x000000013ca60000)
   the space 43712K,  73% used [0x000000011ca60000, 0x000000011e9924f0, 0x000000011e992600, 0x000000011f510000)
 compacting perm gen  total 32768K, used 23786K [0x000000013ca60000, 0x000000013ea60000, 0x000000014ca60000)
   the space 32768K,  72% used [0x000000013ca60000, 0x000000013e19ab28, 0x000000013e19ac00, 0x000000013ea60000)
No shared spaces configured.
Event: 24.095 GC heap after
Heap after GC invocations=33 (full 0):
 def new generation   total 19648K, used 834K [0x000000010ca60000, 0x000000010dfb0000, 0x000000011ca60000)
  eden space 17472K,   0% used [0x000000010ca60000, 0x000000010ca60000, 0x000000010db70000)
  from space 2176K,  38% used [0x000000010dd90000, 0x000000010de60830, 0x000000010dfb0000)
  to   space 2176K,   0% used [0x000000010db70000, 0x000000010db70000, 0x000000010dd90000)
 tenured generation   total 43712K, used 33234K [0x000000011ca60000, 0x000000011f510000, 0x000000013ca60000)
   the space 43712K,  76% used [0x000000011ca60000, 0x000000011ead4bc8, 0x000000011ead4c00, 0x000000011f510000)
 compacting perm gen  total 32768K, used 23786K [0x000000013ca60000, 0x000000013ea60000, 0x000000014ca60000)
   the space 32768K,  72% used [0x000000013ca60000, 0x000000013e19ab28, 0x000000013e19ac00, 0x000000013ea60000)
No shared spaces configured.
}
Event: 24.445 GC heap before
{Heap before GC invocations=33 (full 0):
 def new generation   total 19648K, used 18306K [0x000000010ca60000, 0x000000010dfb0000, 0x000000011ca60000)
  eden space 17472K, 100% used [0x000000010ca60000, 0x000000010db70000, 0x000000010db70000)
  from space 2176K,  38% used [0x000000010dd90000, 0x000000010de60830, 0x000000010dfb0000)
  to   space 2176K,   0% used [0x000000010db70000, 0x000000010db70000, 0x000000010dd90000)
 tenured generation   total 43712K, used 33234K [0x000000011ca60000, 0x000000011f510000, 0x000000013ca60000)
   the space 43712K,  76% used [0x000000011ca60000, 0x000000011ead4bc8, 0x000000011ead4c00, 0x000000011f510000)
 compacting perm gen  total 32768K, used 24413K [0x000000013ca60000, 0x000000013ea60000, 0x000000014ca60000)
   the space 32768K,  74% used [0x000000013ca60000, 0x000000013e237570, 0x000000013e237600, 0x000000013ea60000)
No shared spaces configured.
Event: 24.452 GC heap after
Heap after GC invocations=34 (full 0):
 def new generation   total 19648K, used 1250K [0x000000010ca60000, 0x000000010dfb0000, 0x000000011ca60000)
  eden space 17472K,   0% used [0x000000010ca60000, 0x000000010ca60000, 0x000000010db70000)
  from space 2176K,  57% used [0x000000010db70000, 0x000000010dca88b8, 0x000000010dd90000)
  to   space 2176K,   0% used [0x000000010dd90000, 0x000000010dd90000, 0x000000010dfb0000)
 tenured generation   total 43712K, used 33234K [0x000000011ca60000, 0x000000011f510000, 0x000000013ca60000)
   the space 43712K,  76% used [0x000000011ca60000, 0x000000011ead4bc8, 0x000000011ead4c00, 0x000000011f510000)
 compacting perm gen  total 32768K, used 24413K [0x000000013ca60000, 0x000000013ea60000, 0x000000014ca60000)
   the space 32768K,  74% used [0x000000013ca60000, 0x000000013e237570, 0x000000013e237600, 0x000000013ea60000)
No shared spaces configured.
}
Event: 24.886 GC heap before
{Heap before GC invocations=34 (full 0):
 def new generation   total 19648K, used 18722K [0x000000010ca60000, 0x000000010dfb0000, 0x000000011ca60000)
  eden space 17472K, 100% used [0x000000010ca60000, 0x000000010db70000, 0x000000010db70000)
  from space 2176K,  57% used [0x000000010db70000, 0x000000010dca88b8, 0x000000010dd90000)
  to   space 2176K,   0% used [0x000000010dd90000, 0x000000010dd90000, 0x000000010dfb0000)
 tenured generation   total 43712K, used 33234K [0x000000011ca60000, 0x000000011f510000, 0x000000013ca60000)
   the space 43712K,  76% used [0x000000011ca60000, 0x000000011ead4bc8, 0x000000011ead4c00, 0x000000011f510000)
 compacting perm gen  total 32768K, used 24769K [0x000000013ca60000, 0x000000013ea60000, 0x000000014ca60000)
   the space 32768K,  75% used [0x000000013ca60000, 0x000000013e2904e0, 0x000000013e290600, 0x000000013ea60000)
No shared spaces configured.
Event: 24.895 GC heap after
Heap after GC invocations=35 (full 0):
 def new generation   total 19648K, used 1182K [0x000000010ca60000, 0x000000010dfb0000, 0x000000011ca60000)
  eden space 17472K,   0% used [0x000000010ca60000, 0x000000010ca60000, 0x000000010db70000)
  from space 2176K,  54% used [0x000000010dd90000, 0x000000010deb7810, 0x000000010dfb0000)
  to   space 2176K,   0% used [0x000000010db70000, 0x000000010db70000, 0x000000010dd90000)
 tenured generation   total 43712K, used 33514K [0x000000011ca60000, 0x000000011f510000, 0x000000013ca60000)
   the space 43712K,  76% used [0x000000011ca60000, 0x000000011eb1aab0, 0x000000011eb1ac00, 0x000000011f510000)
 compacting perm gen  total 32768K, used 24769K [0x000000013ca60000, 0x000000013ea60000, 0x000000014ca60000)
   the space 32768K,  75% used [0x000000013ca60000, 0x000000013e2904e0, 0x000000013e290600, 0x000000013ea60000)
No shared spaces configured.
}
Event: 25.526 GC heap before
{Heap before GC invocations=35 (full 0):
 def new generation   total 19648K, used 18654K [0x000000010ca60000, 0x000000010dfb0000, 0x000000011ca60000)
  eden space 17472K, 100% used [0x000000010ca60000, 0x000000010db70000, 0x000000010db70000)
  from space 2176K,  54% used [0x000000010dd90000, 0x000000010deb7810, 0x000000010dfb0000)
  to   space 2176K,   0% used [0x000000010db70000, 0x000000010db70000, 0x000000010dd90000)
 tenured generation   total 43712K, used 33514K [0x000000011ca60000, 0x000000011f510000, 0x000000013ca60000)
   the space 43712K,  76% used [0x000000011ca60000, 0x000000011eb1aab0, 0x000000011eb1ac00, 0x000000011f510000)
 compacting perm gen  total 32768K, used 24898K [0x000000013ca60000, 0x000000013ea60000, 0x000000014ca60000)
   the space 32768K,  75% used [0x000000013ca60000, 0x000000013e2b0990, 0x000000013e2b0a00, 0x000000013ea60000)
No shared spaces configured.
Event: 25.541 GC heap after
Heap after GC invocations=36 (full 0):
 def new generation   total 19648K, used 1146K [0x000000010ca60000, 0x000000010dfb0000, 0x000000011ca60000)
  eden space 17472K,   0% used [0x000000010ca60000, 0x000000010ca60000, 0x000000010db70000)
  from space 2176K,  52% used [0x000000010db70000, 0x000000010dc8ebc0, 0x000000010dd90000)
  to   space 2176K,   0% used [0x000000010dd90000, 0x000000010dd90000, 0x000000010dfb0000)
 tenured generation   total 43712K, used 33964K [0x000000011ca60000, 0x000000011f510000, 0x000000013ca60000)
   the space 43712K,  77% used [0x000000011ca60000, 0x000000011eb8b2a8, 0x000000011eb8b400, 0x000000011f510000)
 compacting perm gen  total 32768K, used 24898K [0x000000013ca60000, 0x000000013ea60000, 0x000000014ca60000)
   the space 32768K,  75% used [0x000000013ca60000, 0x000000013e2b0990, 0x000000013e2b0a00, 0x000000013ea60000)
No shared spaces configured.
}
Event: 26.237 GC heap before
{Heap before GC invocations=36 (full 0):
 def new generation   total 19648K, used 18618K [0x000000010ca60000, 0x000000010dfb0000, 0x000000011ca60000)
  eden space 17472K, 100% used [0x000000010ca60000, 0x000000010db70000, 0x000000010db70000)
  from space 2176K,  52% used [0x000000010db70000, 0x000000010dc8ebc0, 0x000000010dd90000)
  to   space 2176K,   0% used [0x000000010dd90000, 0x000000010dd90000, 0x000000010dfb0000)
 tenured generation   total 43712K, used 33964K [0x000000011ca60000, 0x000000011f510000, 0x000000013ca60000)
   the space 43712K,  77% used [0x000000011ca60000, 0x000000011eb8b2a8, 0x000000011eb8b400, 0x000000011f510000)
 compacting perm gen  total 32768K, used 25116K [0x000000013ca60000, 0x000000013ea60000, 0x000000014ca60000)
   the space 32768K,  76% used [0x000000013ca60000, 0x000000013e2e72b0, 0x000000013e2e7400, 0x000000013ea60000)
No shared spaces configured.
Event: 26.248 GC heap after
Heap after GC invocations=37 (full 0):
 def new generation   total 19648K, used 584K [0x000000010ca60000, 0x000000010dfb0000, 0x000000011ca60000)
  eden space 17472K,   0% used [0x000000010ca60000, 0x000000010ca60000, 0x000000010db70000)
  from space 2176K,  26% used [0x000000010dd90000, 0x000000010de221d8, 0x000000010dfb0000)
  to   space 2176K,   0% used [0x000000010db70000, 0x000000010db70000, 0x000000010dd90000)
 tenured generation   total 43712K, used 34817K [0x000000011ca60000, 0x000000011f510000, 0x000000013ca60000)
   the space 43712K,  79% used [0x000000011ca60000, 0x000000011ec60728, 0x000000011ec60800, 0x000000011f510000)
 compacting perm gen  total 32768K, used 25116K [0x000000013ca60000, 0x000000013ea60000, 0x000000014ca60000)
   the space 32768K,  76% used [0x000000013ca60000, 0x000000013e2e72b0, 0x000000013e2e7400, 0x000000013ea60000)
No shared spaces configured.
}

